<?xml version="1.0" encoding="UTF-8"?>
<!-- Generated by org.testng.reporters.JUnitReportReporter -->
<testsuite hostname="DESKTOP-0H9FAE9" failures="0" tests="2" name="listner.testNG.WorkingClass" time="0.019" errors="0" timestamp="2022-01-17T18:27:40 IST" skipped="0">
  <testcase classname="listner.testNG.WorkingClass" name="test2" time="0.003"/>
  <system-out/>
  <testcase classname="listner.testNG.WorkingClass" name="test1" time="0.016"/>
  <system-out/>
</testsuite> <!-- listner.testNG.WorkingClass -->
