<?xml version="1.0" encoding="UTF-8"?>
<!-- Generated by org.testng.reporters.JUnitReportReporter -->
<testsuite hostname="DESKTOP-0H9FAE9" failures="0" tests="2" name="TestNGPackage.GroupsInTestNG" time="0.021" errors="0" timestamp="2022-01-16T18:55:41 IST" skipped="0">
  <testcase classname="TestNGPackage.GroupsInTestNG" name="test3" time="0.003"/>
  <system-out/>
  <testcase classname="TestNGPackage.GroupsInTestNG" name="test1" time="0.018"/>
  <system-out/>
</testsuite> <!-- TestNGPackage.GroupsInTestNG -->
