<?xml version="1.0" encoding="UTF-8"?>
<!-- Generated by org.testng.reporters.JUnitReportReporter -->
<testsuite hostname="DESKTOP-0H9FAE9" failures="0" tests="5" name="com.testNg.InvocationCountTest" time="0.013" errors="0" timestamp="2022-01-05T17:51:00 IST" skipped="0">
  <testcase classname="com.testNg.InvocationCountTest" name="repeatmultiple" time="0.004"/>
  <system-out/>
  <testcase classname="com.testNg.InvocationCountTest" name="repeatmultiple" time="0.002"/>
  <system-out/>
  <testcase classname="com.testNg.InvocationCountTest" name="repeatmultiple" time="0.002"/>
  <system-out/>
  <testcase classname="com.testNg.InvocationCountTest" name="repeatmultiple" time="0.002"/>
  <system-out/>
  <testcase classname="com.testNg.InvocationCountTest" name="repeatmultiple" time="0.003"/>
  <system-out/>
</testsuite> <!-- com.testNg.InvocationCountTest -->
