<?xml version="1.0" encoding="UTF-8"?>
<!-- Generated by org.testng.reporters.JUnitReportReporter -->
<testsuite hostname="DESKTOP-0H9FAE9" failures="0" tests="1" name="crossBrowserTesting.VerifyTitle" time="67.600" errors="0" timestamp="2022-01-05T22:43:35 IST" skipped="0">
  <testcase classname="crossBrowserTesting.VerifyTitle" name="verifyTitle" time="67.600"/>
  <system-out/>
</testsuite> <!-- crossBrowserTesting.VerifyTitle -->
