<?xml version="1.0" encoding="UTF-8"?>
<!-- Generated by org.testng.reporters.JUnitReportReporter -->
<testsuite hostname="DESKTOP-0H9FAE9" failures="0" tests="1" name="TestNGPackage.ParameterExample" time="59.376" errors="0" timestamp="2022-01-16T19:49:40 IST" skipped="0">
  <testcase classname="TestNGPackage.ParameterExample" name="test1" time="59.376"/>
  <system-out/>
</testsuite> <!-- TestNGPackage.ParameterExample -->
